<?xml version="1.0" encoding="UTF-8"?>
<!-- Generated by org.testng.reporters.JUnitReportReporter -->
<testsuite hostname="Notebook-User" failures="0" tests="1" name="API.Put_api" time="3.409" errors="0" timestamp="2020-12-26T19:11:59 GMT-03:00" skipped="0">
  <testcase classname="API.Put_api" name="test_post" time="3.409"/>
  <system-out/>
</testsuite> <!-- API.Put_api -->
