<?xml version="1.0" encoding="UTF-8"?>
<!-- Generated by org.testng.reporters.JUnitReportReporter -->
<testsuite hostname="Notebook-User" failures="0" tests="1" name="API.Post_api" time="6.745" errors="0" timestamp="2020-12-26T19:10:24 GMT-03:00" skipped="0">
  <testcase classname="API.Post_api" name="test_post" time="6.745"/>
  <system-out/>
</testsuite> <!-- API.Post_api -->
