<?xml version="1.0" encoding="UTF-8"?>
<!-- Generated by org.testng.reporters.JUnitReportReporter -->
<testsuite hostname="Notebook-User" failures="0" tests="1" name="API_comments.Post_api" time="8.531" errors="0" timestamp="2020-12-26T19:35:05 GMT-03:00" skipped="0">
  <testcase classname="API_comments.Post_api" name="test_post" time="8.531"/>
  <system-out/>
</testsuite> <!-- API_comments.Post_api -->
