<?xml version="1.0" encoding="UTF-8"?>
<!-- Generated by org.testng.reporters.JUnitReportReporter -->
<testsuite hostname="Notebook-User" failures="0" tests="1" name="API_comments.Put_api" time="6.475" errors="0" timestamp="2020-12-26T19:35:55 GMT-03:00" skipped="0">
  <testcase classname="API_comments.Put_api" name="test_post" time="6.475"/>
  <system-out/>
</testsuite> <!-- API_comments.Put_api -->
