<?xml version="1.0" encoding="UTF-8"?>
<!-- Generated by org.testng.reporters.JUnitReportReporter -->
<testsuite hostname="Notebook-User" failures="0" tests="1" name="API.Delete_api" time="3.739" errors="0" timestamp="2020-12-26T19:12:40 GMT-03:00" skipped="0">
  <testcase classname="API.Delete_api" name="test_post" time="3.739"/>
  <system-out/>
</testsuite> <!-- API.Delete_api -->
