<?xml version="1.0" encoding="UTF-8"?>
<!-- Generated by org.testng.reporters.JUnitReportReporter -->
<testsuite hostname="Notebook-User" failures="0" tests="1" name="API.testeDeApi" time="3.444" errors="0" timestamp="2020-12-26T14:03:45 GMT-03:00" skipped="0">
  <testcase classname="API.testeDeApi" name="teste_200_objectTaks" time="3.444"/>
  <system-out/>
</testsuite> <!-- API.testeDeApi -->
