<?xml version="1.0" encoding="UTF-8"?>
<!-- Generated by org.testng.reporters.JUnitReportReporter -->
<testsuite hostname="Notebook-User" failures="0" tests="2" name="API.Get_api" time="3.301" errors="0" timestamp="2020-12-26T19:14:53 GMT-03:00" skipped="0">
  <testcase classname="API.Get_api" name="test_get" time="3.120"/>
  <system-out/>
  <testcase classname="API.Get_api" name="test_get_404" time="0.181"/>
  <system-out/>
</testsuite> <!-- API.Get_api -->
