<?xml version="1.0" encoding="UTF-8"?>
<!-- Generated by org.testng.reporters.JUnitReportReporter -->
<testsuite hostname="Notebook-User" failures="0" tests="2" name="API_comments.Get_api" time="9.317" errors="0" timestamp="2020-12-26T19:34:28 GMT-03:00" skipped="0">
  <testcase classname="API_comments.Get_api" name="test_get" time="9.110"/>
  <system-out/>
  <testcase classname="API_comments.Get_api" name="test_get_404" time="0.207"/>
  <system-out/>
</testsuite> <!-- API_comments.Get_api -->
