<?xml version="1.0" encoding="UTF-8"?>
<!-- Generated by org.testng.reporters.JUnitReportReporter -->
<testsuite hostname="Notebook-User" failures="0" tests="1" name="API_comments.Delete_api" time="6.073" errors="0" timestamp="2020-12-26T19:36:28 GMT-03:00" skipped="0">
  <testcase classname="API_comments.Delete_api" name="test_post" time="6.073"/>
  <system-out/>
</testsuite> <!-- API_comments.Delete_api -->
